03/20/2024 06:41:36 PM /Users/park/PycharmProjects/gnss/data/raw/sdc2023/train/2021-08-24-20-32-us-ca-mtv-h/pixel5 Number of timestamps does not match between gnss (3140) and ground truth (3139)
03/20/2024 06:41:37 PM /Users/park/PycharmProjects/gnss/data/raw/sdc2023/train/2021-08-24-20-32-us-ca-mtv-h/pixel4 Number of timestamps does not match between gnss (3141) and ground truth (3140)
03/20/2024 06:41:37 PM /Users/park/PycharmProjects/gnss/data/raw/sdc2023/train/2021-08-24-20-32-us-ca-mtv-h/sm-g988b The number of equal timestamps in file is: 3141
03/20/2024 06:41:37 PM /Users/park/PycharmProjects/gnss/data/raw/sdc2023/train/2021-08-24-20-32-us-ca-mtv-h/mi8 The number of equal timestamps in file is: 3140
03/20/2024 06:41:38 PM /Users/park/PycharmProjects/gnss/data/raw/sdc2023/train/2023-09-06-00-01-us-ca-routen/sm-g955f The number of equal timestamps in file is: 1650
03/20/2024 06:41:38 PM /Users/park/PycharmProjects/gnss/data/raw/sdc2023/train/2023-09-06-00-01-us-ca-routen/pixel6pro The number of equal timestamps in file is: 1650
03/20/2024 06:41:38 PM /Users/park/PycharmProjects/gnss/data/raw/sdc2023/train/2023-09-06-00-01-us-ca-routen/pixel5a Number of timestamps does not match between gnss (1652) and ground truth (1651)
03/20/2024 06:41:38 PM /Users/park/PycharmProjects/gnss/data/raw/sdc2023/train/2023-09-06-00-01-us-ca-routen/pixel4xl The number of equal timestamps in file is: 1651
03/20/2024 06:41:38 PM /Users/park/PycharmProjects/gnss/data/raw/sdc2023/train/2023-09-06-18-04-us-ca/pixel7pro The number of equal timestamps in file is: 1452
03/20/2024 06:41:39 PM /Users/park/PycharmProjects/gnss/data/raw/sdc2023/train/2023-09-06-18-04-us-ca/sm-s908b Number of timestamps does not match between gnss (1453) and ground truth (1452)
03/20/2024 06:41:39 PM /Users/park/PycharmProjects/gnss/data/raw/sdc2023/train/2023-09-06-18-04-us-ca/pixel5 Number of timestamps does not match between gnss (1453) and ground truth (1452)
03/20/2024 06:41:39 PM /Users/park/PycharmProjects/gnss/data/raw/sdc2023/train/2021-12-08-18-52-us-ca-lax-b/pixel6pro The number of equal timestamps in file is: 1418
03/20/2024 06:41:39 PM /Users/park/PycharmProjects/gnss/data/raw/sdc2023/train/2021-12-08-18-52-us-ca-lax-b/mi8 Number of timestamps does not match between gnss (1462) and ground truth (1458)
03/20/2024 06:41:40 PM /Users/park/PycharmProjects/gnss/data/raw/sdc2023/train/2023-09-07-22-47-us-ca-routebc2/pixel6pro The number of equal timestamps in file is: 2067
03/20/2024 06:41:40 PM /Users/park/PycharmProjects/gnss/data/raw/sdc2023/train/2021-04-08-21-28-us-ca-mtv-k/pixel5 Number of timestamps does not match between gnss (993) and ground truth (992)
03/20/2024 06:41:40 PM /Users/park/PycharmProjects/gnss/data/raw/sdc2023/train/2021-04-08-21-28-us-ca-mtv-k/sm-g988b The number of equal timestamps in file is: 993
03/20/2024 06:41:40 PM /Users/park/PycharmProjects/gnss/data/raw/sdc2023/train/2023-09-06-22-49-us-ca-routebb1/pixel7pro Number of timestamps does not match between gnss (1602) and ground truth (1601)
03/20/2024 06:41:41 PM /Users/park/PycharmProjects/gnss/data/raw/sdc2023/train/2023-09-06-22-49-us-ca-routebb1/sm-s908b The number of equal timestamps in file is: 1603
03/20/2024 06:41:41 PM /Users/park/PycharmProjects/gnss/data/raw/sdc2023/train/2023-05-23-19-56-us-ca-mtv-ie2/sm-a600t The number of equal timestamps in file is: 1117
03/20/2024 06:41:41 PM /Users/park/PycharmProjects/gnss/data/raw/sdc2023/train/2023-05-23-19-56-us-ca-mtv-ie2/sm-a505g The number of equal timestamps in file is: 1114
03/20/2024 06:41:41 PM /Users/park/PycharmProjects/gnss/data/raw/sdc2023/train/2023-05-23-19-56-us-ca-mtv-ie2/sm-a226b The number of equal timestamps in file is: 1112
03/20/2024 06:41:41 PM /Users/park/PycharmProjects/gnss/data/raw/sdc2023/train/2023-05-09-21-32-us-ca-mtv-pe1/pixel7pro The number of equal timestamps in file is: 2130
03/20/2024 06:41:42 PM /Users/park/PycharmProjects/gnss/data/raw/sdc2023/train/2023-05-09-21-32-us-ca-mtv-pe1/samsungs22ultra Number of timestamps does not match between gnss (2133) and ground truth (2132)
03/20/2024 06:41:42 PM /Users/park/PycharmProjects/gnss/data/raw/sdc2023/train/2023-05-09-21-32-us-ca-mtv-pe1/pixel5 The number of equal timestamps in file is: 2132
03/20/2024 06:41:42 PM /Users/park/PycharmProjects/gnss/data/raw/sdc2023/train/2023-05-16-19-55-us-ca-mtv-xe1/pixel7pro The number of equal timestamps in file is: 2323
03/20/2024 06:41:42 PM /Users/park/PycharmProjects/gnss/data/raw/sdc2023/train/2021-07-19-20-49-us-ca-mtv-a/pixel5 Number of timestamps does not match between gnss (1897) and ground truth (1896)
03/20/2024 06:41:43 PM /Users/park/PycharmProjects/gnss/data/raw/sdc2023/train/2021-07-19-20-49-us-ca-mtv-a/pixel4 The number of equal timestamps in file is: 1897
03/20/2024 06:41:43 PM /Users/park/PycharmProjects/gnss/data/raw/sdc2023/train/2021-07-19-20-49-us-ca-mtv-a/sm-g988b The number of equal timestamps in file is: 1898
03/20/2024 06:41:43 PM /Users/park/PycharmProjects/gnss/data/raw/sdc2023/train/2021-07-19-20-49-us-ca-mtv-a/mi8 The number of equal timestamps in file is: 1898
03/20/2024 06:41:43 PM /Users/park/PycharmProjects/gnss/data/raw/sdc2023/train/2023-09-05-23-07-us-ca-routen/pixel7pro The number of equal timestamps in file is: 1564
03/20/2024 06:41:44 PM /Users/park/PycharmProjects/gnss/data/raw/sdc2023/train/2023-09-05-23-07-us-ca-routen/pixel5 The number of equal timestamps in file is: 1564
03/20/2024 06:41:44 PM /Users/park/PycharmProjects/gnss/data/raw/sdc2023/train/2020-08-13-21-42-us-ca-mtv-sf-280/pixel5 The number of equal timestamps in file is: 1830
03/20/2024 06:41:44 PM /Users/park/PycharmProjects/gnss/data/raw/sdc2023/train/2022-01-26-20-02-us-ca-mtv-pe1/pixel5 The number of equal timestamps in file is: 1698
03/20/2024 06:41:44 PM /Users/park/PycharmProjects/gnss/data/raw/sdc2023/train/2022-01-26-20-02-us-ca-mtv-pe1/sm-g988b The number of equal timestamps in file is: 1698
03/20/2024 06:41:45 PM /Users/park/PycharmProjects/gnss/data/raw/sdc2023/train/2022-01-26-20-02-us-ca-mtv-pe1/mi8 The number of equal timestamps in file is: 1699
03/20/2024 06:41:45 PM /Users/park/PycharmProjects/gnss/data/raw/sdc2023/train/2020-06-25-00-34-us-ca-mtv-sb-101/pixel4 Number of timestamps does not match between gnss (1300) and ground truth (1299)
03/20/2024 06:41:45 PM /Users/park/PycharmProjects/gnss/data/raw/sdc2023/train/2020-06-25-00-34-us-ca-mtv-sb-101/pixel4xl Number of timestamps does not match between gnss (1303) and ground truth (1302)
03/20/2024 06:41:45 PM /Users/park/PycharmProjects/gnss/data/raw/sdc2023/train/2020-07-17-22-27-us-ca-mtv-sf-280/pixel4 The number of equal timestamps in file is: 1929
03/20/2024 06:41:45 PM /Users/park/PycharmProjects/gnss/data/raw/sdc2023/train/2023-09-06-18-47-us-ca/pixel6pro The number of equal timestamps in file is: 1486
03/20/2024 06:41:46 PM /Users/park/PycharmProjects/gnss/data/raw/sdc2023/train/2023-09-06-18-47-us-ca/pixel4xl Number of timestamps does not match between gnss (1486) and ground truth (1485)
03/20/2024 06:41:46 PM /Users/park/PycharmProjects/gnss/data/raw/sdc2023/train/2023-09-07-22-48-us-ca-routebc2/pixel5a Number of timestamps does not match between gnss (2072) and ground truth (2071)
03/20/2024 06:41:46 PM /Users/park/PycharmProjects/gnss/data/raw/sdc2023/train/2023-09-07-22-48-us-ca-routebc2/pixel4xl The number of equal timestamps in file is: 2070
03/20/2024 06:41:46 PM /Users/park/PycharmProjects/gnss/data/raw/sdc2023/train/2021-07-14-20-50-us-ca-mtv-e/pixel5 The number of equal timestamps in file is: 1187
03/20/2024 06:41:46 PM /Users/park/PycharmProjects/gnss/data/raw/sdc2023/train/2021-07-14-20-50-us-ca-mtv-e/pixel4 The number of equal timestamps in file is: 1188
03/20/2024 06:41:46 PM /Users/park/PycharmProjects/gnss/data/raw/sdc2023/train/2021-07-14-20-50-us-ca-mtv-e/sm-g988b The number of equal timestamps in file is: 1165
03/20/2024 06:41:47 PM /Users/park/PycharmProjects/gnss/data/raw/sdc2023/train/2021-12-09-17-06-us-ca-lax-e/pixel6pro The number of equal timestamps in file is: 1101
03/20/2024 06:41:47 PM /Users/park/PycharmProjects/gnss/data/raw/sdc2023/train/2021-12-09-17-06-us-ca-lax-e/pixel5 Number of timestamps does not match between gnss (1101) and ground truth (1100)
03/20/2024 06:41:47 PM /Users/park/PycharmProjects/gnss/data/raw/sdc2023/train/2022-11-15-00-53-us-ca-mtv-a/pixel7pro Number of timestamps does not match between gnss (1231) and ground truth (1193)
03/20/2024 06:41:47 PM /Users/park/PycharmProjects/gnss/data/raw/sdc2023/train/2022-11-15-00-53-us-ca-mtv-a/pixel5 Number of timestamps does not match between gnss (1230) and ground truth (1196)
03/20/2024 06:41:47 PM /Users/park/PycharmProjects/gnss/data/raw/sdc2023/train/2022-11-15-00-53-us-ca-mtv-a/pixel7 Number of timestamps does not match between gnss (1230) and ground truth (1195)
03/20/2024 06:41:47 PM /Users/park/PycharmProjects/gnss/data/raw/sdc2023/train/2022-05-13-20-57-us-ca-mtv-pe1/pixel6pro Number of timestamps does not match between gnss (2180) and ground truth (2162)
03/20/2024 06:41:48 PM /Users/park/PycharmProjects/gnss/data/raw/sdc2023/train/2022-05-13-20-57-us-ca-mtv-pe1/sm-g988b Number of timestamps does not match between gnss (2182) and ground truth (2163)
03/20/2024 06:41:48 PM /Users/park/PycharmProjects/gnss/data/raw/sdc2023/train/2022-05-13-20-57-us-ca-mtv-pe1/samsungs21ultra Number of timestamps does not match between gnss (2183) and ground truth (2164)
03/20/2024 06:41:48 PM /Users/park/PycharmProjects/gnss/data/raw/sdc2023/train/2023-09-05-20-59-us-ca/pixel5a Number of timestamps does not match between gnss (1509) and ground truth (1508)
03/20/2024 06:41:48 PM /Users/park/PycharmProjects/gnss/data/raw/sdc2023/train/2023-09-05-20-59-us-ca/pixel4xl Number of timestamps does not match between gnss (1512) and ground truth (1511)
03/20/2024 06:41:49 PM /Users/park/PycharmProjects/gnss/data/raw/sdc2023/train/2020-07-17-23-13-us-ca-sf-mtv-280/pixel4 Number of timestamps does not match between gnss (1699) and ground truth (1698)
03/20/2024 06:41:49 PM /Users/park/PycharmProjects/gnss/data/raw/sdc2023/train/2020-07-17-23-13-us-ca-sf-mtv-280/pixel4xl Number of timestamps does not match between gnss (1700) and ground truth (1699)
03/20/2024 06:41:49 PM /Users/park/PycharmProjects/gnss/data/raw/sdc2023/train/2023-05-25-20-11-us-ca-sjc-he2/pixel7pro Number of timestamps does not match between gnss (1259) and ground truth (1258)
03/20/2024 06:41:49 PM /Users/park/PycharmProjects/gnss/data/raw/sdc2023/train/2023-05-25-20-11-us-ca-sjc-he2/sm-s908b The number of equal timestamps in file is: 1259
03/20/2024 06:41:49 PM /Users/park/PycharmProjects/gnss/data/raw/sdc2023/train/2023-05-25-20-11-us-ca-sjc-he2/pixel5 Number of timestamps does not match between gnss (1265) and ground truth (1264)
03/20/2024 06:41:49 PM /Users/park/PycharmProjects/gnss/data/raw/sdc2023/train/2021-03-10-23-13-us-ca-mtv-h/pixel5 Number of timestamps does not match between gnss (1465) and ground truth (1464)
03/20/2024 06:41:50 PM /Users/park/PycharmProjects/gnss/data/raw/sdc2023/train/2021-03-10-23-13-us-ca-mtv-h/mi8 The number of equal timestamps in file is: 1461
03/20/2024 06:41:50 PM /Users/park/PycharmProjects/gnss/data/raw/sdc2023/train/2021-01-05-21-12-us-ca-mtv-d/pixel4 Number of timestamps does not match between gnss (1299) and ground truth (1298)
03/20/2024 06:41:50 PM /Users/park/PycharmProjects/gnss/data/raw/sdc2023/train/2021-01-05-21-12-us-ca-mtv-d/mi8 The number of equal timestamps in file is: 1302
03/20/2024 06:41:50 PM /Users/park/PycharmProjects/gnss/data/raw/sdc2023/train/2023-05-25-19-10-us-ca-sjc-be2/pixel7pro The number of equal timestamps in file is: 1393
03/20/2024 06:41:50 PM /Users/park/PycharmProjects/gnss/data/raw/sdc2023/train/2023-05-25-19-10-us-ca-sjc-be2/sm-s908b The number of equal timestamps in file is: 1399
03/20/2024 06:41:50 PM /Users/park/PycharmProjects/gnss/data/raw/sdc2023/train/2023-05-25-19-10-us-ca-sjc-be2/pixel5 The number of equal timestamps in file is: 1393
03/20/2024 06:41:51 PM /Users/park/PycharmProjects/gnss/data/raw/sdc2023/train/2021-03-16-18-59-us-ca-mtv-a/pixel5 The number of equal timestamps in file is: 2159
03/20/2024 06:41:51 PM /Users/park/PycharmProjects/gnss/data/raw/sdc2023/train/2021-03-16-18-59-us-ca-mtv-a/sm-g988b The number of equal timestamps in file is: 2162
03/20/2024 06:41:51 PM /Users/park/PycharmProjects/gnss/data/raw/sdc2023/train/2021-03-16-18-59-us-ca-mtv-a/mi8 The number of equal timestamps in file is: 2161
03/20/2024 06:41:52 PM /Users/park/PycharmProjects/gnss/data/raw/sdc2023/train/2023-05-26-18-51-us-ca-sjc-ge2/pixel7pro Number of timestamps does not match between gnss (1462) and ground truth (1461)
03/20/2024 06:41:52 PM /Users/park/PycharmProjects/gnss/data/raw/sdc2023/train/2023-05-26-18-51-us-ca-sjc-ge2/pixel5 Number of timestamps does not match between gnss (1463) and ground truth (1462)
03/20/2024 06:41:52 PM /Users/park/PycharmProjects/gnss/data/raw/sdc2023/train/2022-01-11-18-48-us-ca-mtv-n/pixel6pro Number of timestamps does not match between gnss (978) and ground truth (944)
03/20/2024 06:41:52 PM /Users/park/PycharmProjects/gnss/data/raw/sdc2023/train/2022-01-11-18-48-us-ca-mtv-n/pixel5 Number of timestamps does not match between gnss (989) and ground truth (949)
03/20/2024 06:41:52 PM /Users/park/PycharmProjects/gnss/data/raw/sdc2023/train/2022-01-11-18-48-us-ca-mtv-n/mi8 Number of timestamps does not match between gnss (964) and ground truth (941)
03/20/2024 06:41:52 PM /Users/park/PycharmProjects/gnss/data/raw/sdc2023/train/2021-03-16-20-40-us-ca-mtv-b/pixel5 Number of timestamps does not match between gnss (1470) and ground truth (1456)
03/20/2024 06:41:53 PM /Users/park/PycharmProjects/gnss/data/raw/sdc2023/train/2021-03-16-20-40-us-ca-mtv-b/pixel4xl Number of timestamps does not match between gnss (1476) and ground truth (1461)
03/20/2024 06:41:53 PM /Users/park/PycharmProjects/gnss/data/raw/sdc2023/train/2021-03-16-20-40-us-ca-mtv-b/mi8 Number of timestamps does not match between gnss (1473) and ground truth (1457)
03/20/2024 06:41:53 PM /Users/park/PycharmProjects/gnss/data/raw/sdc2023/train/2020-08-04-00-19-us-ca-sb-mtv-101/pixel4 Number of timestamps does not match between gnss (1691) and ground truth (1690)
03/20/2024 06:41:53 PM /Users/park/PycharmProjects/gnss/data/raw/sdc2023/train/2023-05-23-19-16-us-ca-mtv-ie2/sm-s908b The number of equal timestamps in file is: 1074
03/20/2024 06:41:53 PM /Users/park/PycharmProjects/gnss/data/raw/sdc2023/train/2023-05-23-19-16-us-ca-mtv-ie2/pixel5 Number of timestamps does not match between gnss (1071) and ground truth (1070)
03/20/2024 06:41:54 PM /Users/park/PycharmProjects/gnss/data/raw/sdc2023/train/2020-12-10-22-17-us-ca-sjc-c/mi8 The number of equal timestamps in file is: 1495
03/20/2024 06:41:54 PM /Users/park/PycharmProjects/gnss/data/raw/sdc2023/train/2022-04-01-18-22-us-ca-lax-t/pixel6pro The number of equal timestamps in file is: 1466
03/20/2024 06:41:54 PM /Users/park/PycharmProjects/gnss/data/raw/sdc2023/train/2022-04-01-18-22-us-ca-lax-t/pixel5 Number of timestamps does not match between gnss (1466) and ground truth (1465)
03/20/2024 06:41:54 PM /Users/park/PycharmProjects/gnss/data/raw/sdc2023/train/2022-04-01-18-22-us-ca-lax-t/mi8 The number of equal timestamps in file is: 1463
03/20/2024 06:41:55 PM /Users/park/PycharmProjects/gnss/data/raw/sdc2023/train/2023-06-06-23-26-us-ca-sjc-he2/sm-a226b The number of equal timestamps in file is: 1663
03/20/2024 06:41:55 PM /Users/park/PycharmProjects/gnss/data/raw/sdc2023/train/2023-09-07-19-33-us-ca/sm-g955f Number of timestamps does not match between gnss (1088) and ground truth (1087)
03/20/2024 06:41:55 PM /Users/park/PycharmProjects/gnss/data/raw/sdc2023/train/2023-09-07-19-33-us-ca/pixel6pro The number of equal timestamps in file is: 1089
03/20/2024 06:41:55 PM /Users/park/PycharmProjects/gnss/data/raw/sdc2023/train/2023-09-07-19-33-us-ca/pixel5a Number of timestamps does not match between gnss (1085) and ground truth (1084)
03/20/2024 06:41:55 PM /Users/park/PycharmProjects/gnss/data/raw/sdc2023/train/2023-09-07-19-33-us-ca/pixel4xl Number of timestamps does not match between gnss (1087) and ground truth (1086)
03/20/2024 06:41:55 PM /Users/park/PycharmProjects/gnss/data/raw/sdc2023/train/2020-12-10-22-52-us-ca-sjc-c/pixel5 Number of timestamps does not match between gnss (1408) and ground truth (1407)
03/20/2024 06:41:55 PM /Users/park/PycharmProjects/gnss/data/raw/sdc2023/train/2020-12-10-22-52-us-ca-sjc-c/pixel4 Number of timestamps does not match between gnss (1408) and ground truth (1407)
03/20/2024 06:41:56 PM /Users/park/PycharmProjects/gnss/data/raw/sdc2023/train/2020-12-10-22-52-us-ca-sjc-c/pixel4xl Number of timestamps does not match between gnss (1408) and ground truth (1407)
03/20/2024 06:41:56 PM /Users/park/PycharmProjects/gnss/data/raw/sdc2023/train/2020-12-10-22-52-us-ca-sjc-c/mi8 The number of equal timestamps in file is: 1408
03/20/2024 06:41:56 PM /Users/park/PycharmProjects/gnss/data/raw/sdc2023/train/2021-04-26-23-38-us-ca-mtv-h/sm-g988b The number of equal timestamps in file is: 3121
03/20/2024 06:41:57 PM /Users/park/PycharmProjects/gnss/data/raw/sdc2023/train/2021-04-26-23-38-us-ca-mtv-h/mi8 The number of equal timestamps in file is: 3119
03/20/2024 06:41:57 PM /Users/park/PycharmProjects/gnss/data/raw/sdc2023/train/2021-12-08-17-22-us-ca-lax-a/pixel6pro The number of equal timestamps in file is: 1442
03/20/2024 06:41:57 PM /Users/park/PycharmProjects/gnss/data/raw/sdc2023/train/2021-12-08-17-22-us-ca-lax-a/pixel5 The number of equal timestamps in file is: 1442
03/20/2024 06:41:58 PM /Users/park/PycharmProjects/gnss/data/raw/sdc2023/train/2021-01-04-22-40-us-ca-mtv-a/pixel5 Number of timestamps does not match between gnss (1855) and ground truth (1854)
03/20/2024 06:41:58 PM /Users/park/PycharmProjects/gnss/data/raw/sdc2023/train/2021-01-04-22-40-us-ca-mtv-a/pixel4 Number of timestamps does not match between gnss (1851) and ground truth (1850)
03/20/2024 06:41:58 PM /Users/park/PycharmProjects/gnss/data/raw/sdc2023/train/2021-01-04-22-40-us-ca-mtv-a/mi8 The number of equal timestamps in file is: 1856
03/20/2024 06:41:58 PM /Users/park/PycharmProjects/gnss/data/raw/sdc2023/train/2023-05-26-18-50-us-ca-sjc-ge2/sm-s908b The number of equal timestamps in file is: 1524
03/20/2024 06:41:59 PM /Users/park/PycharmProjects/gnss/data/raw/sdc2023/train/2021-01-05-21-52-us-ca-mtv-d/pixel4 Number of timestamps does not match between gnss (1160) and ground truth (1159)
03/20/2024 06:41:59 PM /Users/park/PycharmProjects/gnss/data/raw/sdc2023/train/2021-01-05-21-52-us-ca-mtv-d/mi8 The number of equal timestamps in file is: 1164
03/20/2024 06:41:59 PM /Users/park/PycharmProjects/gnss/data/raw/sdc2023/train/2022-02-24-18-29-us-ca-lax-o/pixel6pro The number of equal timestamps in file is: 2423
03/20/2024 06:41:59 PM /Users/park/PycharmProjects/gnss/data/raw/sdc2023/train/2022-02-24-18-29-us-ca-lax-o/pixel5 Number of timestamps does not match between gnss (2439) and ground truth (2438)
03/20/2024 06:42:00 PM /Users/park/PycharmProjects/gnss/data/raw/sdc2023/train/2022-02-24-18-29-us-ca-lax-o/mi8 The number of equal timestamps in file is: 2466
03/20/2024 06:42:00 PM /Users/park/PycharmProjects/gnss/data/raw/sdc2023/train/2020-08-04-00-20-us-ca-sb-mtv-101/pixel5 The number of equal timestamps in file is: 1628
03/20/2024 06:42:00 PM /Users/park/PycharmProjects/gnss/data/raw/sdc2023/train/2020-08-04-00-20-us-ca-sb-mtv-101/pixel4xl The number of equal timestamps in file is: 1629
03/20/2024 06:42:00 PM /Users/park/PycharmProjects/gnss/data/raw/sdc2023/train/2021-12-07-22-21-us-ca-lax-g/pixel6pro The number of equal timestamps in file is: 1434
03/20/2024 06:42:00 PM /Users/park/PycharmProjects/gnss/data/raw/sdc2023/train/2021-12-07-22-21-us-ca-lax-g/pixel5 The number of equal timestamps in file is: 1433
03/20/2024 06:42:01 PM /Users/park/PycharmProjects/gnss/data/raw/sdc2023/train/2021-12-07-22-21-us-ca-lax-g/sm-g988b The number of equal timestamps in file is: 1433
03/20/2024 06:42:01 PM /Users/park/PycharmProjects/gnss/data/raw/sdc2023/train/2021-12-07-22-21-us-ca-lax-g/mi8 The number of equal timestamps in file is: 1434
03/20/2024 06:42:01 PM /Users/park/PycharmProjects/gnss/data/raw/sdc2023/train/2021-03-16-19-00-us-ca-mtv-a/pixel4xl Number of timestamps does not match between gnss (2092) and ground truth (2091)
03/20/2024 06:42:02 PM /Users/park/PycharmProjects/gnss/data/raw/sdc2023/train/2020-07-08-22-28-us-ca/pixel4 The number of equal timestamps in file is: 2131
03/20/2024 06:42:02 PM /Users/park/PycharmProjects/gnss/data/raw/sdc2023/train/2020-07-08-22-28-us-ca/pixel4xl The number of equal timestamps in file is: 2147
03/20/2024 06:42:02 PM /Users/park/PycharmProjects/gnss/data/raw/sdc2023/train/2022-10-06-21-51-us-ca-mtv-n/sm-a217m Number of timestamps does not match between gnss (1222) and ground truth (1221)
03/20/2024 06:42:02 PM /Users/park/PycharmProjects/gnss/data/raw/sdc2023/train/2022-10-06-21-51-us-ca-mtv-n/sm-a325f The number of equal timestamps in file is: 1230
03/20/2024 06:42:02 PM /Users/park/PycharmProjects/gnss/data/raw/sdc2023/train/2022-10-06-21-51-us-ca-mtv-n/sm-a205u The number of equal timestamps in file is: 1213
03/20/2024 06:42:02 PM /Users/park/PycharmProjects/gnss/data/raw/sdc2023/train/2021-12-07-19-22-us-ca-lax-d/pixel6pro The number of equal timestamps in file is: 1761
03/20/2024 06:42:03 PM /Users/park/PycharmProjects/gnss/data/raw/sdc2023/train/2021-12-07-19-22-us-ca-lax-d/pixel5 Number of timestamps does not match between gnss (1760) and ground truth (1759)
03/20/2024 06:42:03 PM /Users/park/PycharmProjects/gnss/data/raw/sdc2023/train/2021-12-07-19-22-us-ca-lax-d/sm-g988b The number of equal timestamps in file is: 1761
03/20/2024 06:42:03 PM /Users/park/PycharmProjects/gnss/data/raw/sdc2023/train/2021-12-07-19-22-us-ca-lax-d/mi8 Number of timestamps does not match between gnss (1761) and ground truth (1760)
03/20/2024 06:42:03 PM /Users/park/PycharmProjects/gnss/data/raw/sdc2023/train/2021-07-27-19-49-us-ca-mtv-b/pixel5 The number of equal timestamps in file is: 1679
03/20/2024 06:42:04 PM /Users/park/PycharmProjects/gnss/data/raw/sdc2023/train/2021-07-27-19-49-us-ca-mtv-b/pixel4 Number of timestamps does not match between gnss (1678) and ground truth (1677)
03/20/2024 06:42:04 PM /Users/park/PycharmProjects/gnss/data/raw/sdc2023/train/2021-07-27-19-49-us-ca-mtv-b/mi8 The number of equal timestamps in file is: 1699
03/20/2024 06:42:04 PM /Users/park/PycharmProjects/gnss/data/raw/sdc2023/train/2022-08-04-20-07-us-ca-sjc-q/sm-a325f Number of timestamps does not match between gnss (1452) and ground truth (1434)
03/20/2024 06:42:04 PM /Users/park/PycharmProjects/gnss/data/raw/sdc2023/train/2022-08-04-20-07-us-ca-sjc-q/pixel5 Number of timestamps does not match between gnss (1450) and ground truth (1431)
03/20/2024 06:42:05 PM /Users/park/PycharmProjects/gnss/data/raw/sdc2023/train/2022-08-04-20-07-us-ca-sjc-q/mi8 Number of timestamps does not match between gnss (1417) and ground truth (1400)
03/20/2024 06:42:05 PM /Users/park/PycharmProjects/gnss/data/raw/sdc2023/train/2023-05-16-19-54-us-ca-mtv-xe1/pixel5 Number of timestamps does not match between gnss (2323) and ground truth (2322)
03/20/2024 06:42:05 PM /Users/park/PycharmProjects/gnss/data/raw/sdc2023/train/2021-12-08-20-28-us-ca-lax-c/pixel6pro The number of equal timestamps in file is: 923
03/20/2024 06:42:05 PM /Users/park/PycharmProjects/gnss/data/raw/sdc2023/train/2021-12-08-20-28-us-ca-lax-c/pixel5 The number of equal timestamps in file is: 924
03/20/2024 06:42:05 PM /Users/park/PycharmProjects/gnss/data/raw/sdc2023/train/2021-12-08-20-28-us-ca-lax-c/sm-g988b The number of equal timestamps in file is: 921
03/20/2024 06:42:05 PM /Users/park/PycharmProjects/gnss/data/raw/sdc2023/train/2023-03-08-21-34-us-ca-mtv-u/pixel7pro Number of timestamps does not match between gnss (1100) and ground truth (1099)
03/20/2024 06:42:05 PM /Users/park/PycharmProjects/gnss/data/raw/sdc2023/train/2023-03-08-21-34-us-ca-mtv-u/pixel6pro The number of equal timestamps in file is: 1102
03/20/2024 06:42:06 PM /Users/park/PycharmProjects/gnss/data/raw/sdc2023/train/2023-03-08-21-34-us-ca-mtv-u/pixel5 The number of equal timestamps in file is: 1102
03/20/2024 06:42:06 PM /Users/park/PycharmProjects/gnss/data/raw/sdc2023/train/2021-01-04-21-50-us-ca-e1highway280driveroutea/pixel5 Number of timestamps does not match between gnss (2002) and ground truth (2001)
03/20/2024 06:42:06 PM /Users/park/PycharmProjects/gnss/data/raw/sdc2023/train/2021-01-04-21-50-us-ca-e1highway280driveroutea/pixel4 Number of timestamps does not match between gnss (2004) and ground truth (2003)
03/20/2024 06:42:06 PM /Users/park/PycharmProjects/gnss/data/raw/sdc2023/train/2021-01-04-21-50-us-ca-e1highway280driveroutea/mi8 The number of equal timestamps in file is: 2002
03/20/2024 06:42:07 PM /Users/park/PycharmProjects/gnss/data/raw/sdc2023/train/2022-07-26-21-01-us-ca-sjc-s/samsunga325g Number of timestamps does not match between gnss (1512) and ground truth (1487)
03/20/2024 06:42:07 PM /Users/park/PycharmProjects/gnss/data/raw/sdc2023/train/2022-07-26-21-01-us-ca-sjc-s/pixel5 Number of timestamps does not match between gnss (1509) and ground truth (1480)
03/20/2024 06:42:07 PM /Users/park/PycharmProjects/gnss/data/raw/sdc2023/train/2023-09-05-20-13-us-ca/pixel7pro The number of equal timestamps in file is: 1706
03/20/2024 06:42:07 PM /Users/park/PycharmProjects/gnss/data/raw/sdc2023/train/2023-09-05-20-13-us-ca/pixel5 The number of equal timestamps in file is: 1704
03/20/2024 06:42:08 PM /Users/park/PycharmProjects/gnss/data/raw/sdc2023/train/2020-08-13-21-41-us-ca-mtv-sf-280/pixel4 The number of equal timestamps in file is: 1881
03/20/2024 06:42:08 PM /Users/park/PycharmProjects/gnss/data/raw/sdc2023/train/2020-08-13-21-41-us-ca-mtv-sf-280/pixel4xl Number of timestamps does not match between gnss (1870) and ground truth (1869)
03/20/2024 06:42:08 PM /Users/park/PycharmProjects/gnss/data/raw/sdc2023/train/2023-05-24-20-26-us-ca-sjc-ge2/pixel7pro Number of timestamps does not match between gnss (1384) and ground truth (1383)
03/20/2024 06:42:08 PM /Users/park/PycharmProjects/gnss/data/raw/sdc2023/train/2023-05-24-20-26-us-ca-sjc-ge2/pixel5 The number of equal timestamps in file is: 1386
03/20/2024 06:42:09 PM /Users/park/PycharmProjects/gnss/data/raw/sdc2023/train/2021-04-02-20-43-us-ca-mtv-f/pixel5 The number of equal timestamps in file is: 2284
03/20/2024 06:42:09 PM /Users/park/PycharmProjects/gnss/data/raw/sdc2023/train/2021-04-02-20-43-us-ca-mtv-f/sm-g988b Number of timestamps does not match between gnss (2285) and ground truth (2284)
03/20/2024 06:42:09 PM /Users/park/PycharmProjects/gnss/data/raw/sdc2023/train/2021-04-02-20-43-us-ca-mtv-f/mi8 The number of equal timestamps in file is: 2284
03/20/2024 06:42:09 PM /Users/park/PycharmProjects/gnss/data/raw/sdc2023/train/2023-09-07-18-59-us-ca/pixel7pro Number of timestamps does not match between gnss (1175) and ground truth (1174)
03/20/2024 06:42:10 PM /Users/park/PycharmProjects/gnss/data/raw/sdc2023/train/2023-09-07-18-59-us-ca/pixel5 The number of equal timestamps in file is: 1172
03/20/2024 06:42:10 PM /Users/park/PycharmProjects/gnss/data/raw/sdc2023/train/2023-05-19-20-10-us-ca-mtv-ie2/pixel7pro The number of equal timestamps in file is: 1233
03/20/2024 06:42:10 PM /Users/park/PycharmProjects/gnss/data/raw/sdc2023/train/2023-05-19-20-10-us-ca-mtv-ie2/sm-s908b The number of equal timestamps in file is: 1229
03/20/2024 06:42:10 PM /Users/park/PycharmProjects/gnss/data/raw/sdc2023/train/2023-05-19-20-10-us-ca-mtv-ie2/pixel5 Number of timestamps does not match between gnss (1231) and ground truth (1230)
03/20/2024 06:42:10 PM /Users/park/PycharmProjects/gnss/data/raw/sdc2023/train/2021-08-04-20-40-us-ca-sjc-c/sm-g988b The number of equal timestamps in file is: 1554
